[2023-09-17 09:54:22] production.ERROR: Connection could not be established with host  :stream_socket_client(): php_network_getaddresses: getaddrinfo failed: Name or service not known {"exception":"[object] (Swift_TransportException(code: 0): Connection could not be established with host  :stream_socket_client(): php_network_getaddresses: getaddrinfo failed: Name or service not known at /var/www/u2239501/data/www/lms.bigdok.ru/vendor/swiftmailer/swiftmailer/lib/classes/Swift/Transport/StreamBuffer.php:261)
[stacktrace]
#0 [internal function]: Swift_Transport_StreamBuffer->{closure}(2, 'stream_socket_c...', '/var/www/u22395...', 264, Array)
#1 /var/www/u2239501/data/www/lms.bigdok.ru/vendor/swiftmailer/swiftmailer/lib/classes/Swift/Transport/StreamBuffer.php(264): stream_socket_client(':0', 0, 'php_network_get...', 30, 4, Resource id #991)
#2 /var/www/u2239501/data/www/lms.bigdok.ru/vendor/swiftmailer/swiftmailer/lib/classes/Swift/Transport/StreamBuffer.php(58): Swift_Transport_StreamBuffer->establishSocketConnection()
#3 /var/www/u2239501/data/www/lms.bigdok.ru/vendor/swiftmailer/swiftmailer/lib/classes/Swift/Transport/AbstractSmtpTransport.php(143): Swift_Transport_StreamBuffer->initialize(Array)
#4 /var/www/u2239501/data/www/lms.bigdok.ru/vendor/swiftmailer/swiftmailer/lib/classes/Swift/Mailer.php(65): Swift_Transport_AbstractSmtpTransport->start()
#5 /var/www/u2239501/data/www/lms.bigdok.ru/vendor/laravel/framework/src/Illuminate/Mail/Mailer.php(521): Swift_Mailer->send(Object(Swift_Message), Array)
#6 /var/www/u2239501/data/www/lms.bigdok.ru/vendor/laravel/framework/src/Illuminate/Mail/Mailer.php(288): Illuminate\\Mail\\Mailer->sendSwiftMessage(Object(Swift_Message))
#7 /var/www/u2239501/data/www/lms.bigdok.ru/vendor/laravel/framework/src/Illuminate/Notifications/Channels/MailChannel.php(65): Illuminate\\Mail\\Mailer->send('web.default.ema...', Array, Object(Closure))
#8 /var/www/u2239501/data/www/lms.bigdok.ru/vendor/laravel/framework/src/Illuminate/Notifications/NotificationSender.php(148): Illuminate\\Notifications\\Channels\\MailChannel->send(Object(App\\Models\\Verification), Object(App\\Notifications\\SendVerificationEmailCode))
#9 /var/www/u2239501/data/www/lms.bigdok.ru/vendor/laravel/framework/src/Illuminate/Notifications/NotificationSender.php(106): Illuminate\\Notifications\\NotificationSender->sendToNotifiable(Object(App\\Models\\Verification), '8bd339eb-443b-4...', Object(App\\Notifications\\SendVerificationEmailCode), 'mail')
#10 /var/www/u2239501/data/www/lms.bigdok.ru/vendor/laravel/framework/src/Illuminate/Support/Traits/Localizable.php(19): Illuminate\\Notifications\\NotificationSender->Illuminate\\Notifications\\{closure}()
#11 /var/www/u2239501/data/www/lms.bigdok.ru/vendor/laravel/framework/src/Illuminate/Notifications/NotificationSender.php(109): Illuminate\\Notifications\\NotificationSender->withLocale(NULL, Object(Closure))
#12 /var/www/u2239501/data/www/lms.bigdok.ru/vendor/laravel/framework/src/Illuminate/Notifications/NotificationSender.php(79): Illuminate\\Notifications\\NotificationSender->sendNow(Object(Illuminate\\Database\\Eloquent\\Collection), Object(App\\Notifications\\SendVerificationEmailCode))
#13 /var/www/u2239501/data/www/lms.bigdok.ru/vendor/laravel/framework/src/Illuminate/Notifications/ChannelManager.php(39): Illuminate\\Notifications\\NotificationSender->send(Object(Illuminate\\Database\\Eloquent\\Collection), Object(App\\Notifications\\SendVerificationEmailCode))
#14 /var/www/u2239501/data/www/lms.bigdok.ru/vendor/laravel/framework/src/Illuminate/Notifications/RoutesNotifications.php(18): Illuminate\\Notifications\\ChannelManager->send(Object(App\\Models\\Verification), Object(App\\Notifications\\SendVerificationEmailCode))
#15 /var/www/u2239501/data/www/lms.bigdok.ru/app/Models/Verification.php(28): App\\Models\\Verification->notify(Object(App\\Notifications\\SendVerificationEmailCode))
#16 /var/www/u2239501/data/www/lms.bigdok.ru/app/Http/Controllers/Auth/VerificationController.php(114): App\\Models\\Verification->sendEmailCode()
#17 /var/www/u2239501/data/www/lms.bigdok.ru/app/Http/Controllers/Auth/RegisterController.php(200): App\\Http\\Controllers\\Auth\\VerificationController->checkConfirmed(Object(App\\User), 'email', 'home.pc.ufa@mai...')
#18 /var/www/u2239501/data/www/lms.bigdok.ru/vendor/laravel/framework/src/Illuminate/Routing/Controller.php(54): App\\Http\\Controllers\\Auth\\RegisterController->register(Object(Illuminate\\Http\\Request))
#19 /var/www/u2239501/data/www/lms.bigdok.ru/vendor/laravel/framework/src/Illuminate/Routing/ControllerDispatcher.php(45): Illuminate\\Routing\\Controller->callAction('register', Array)
#20 /var/www/u2239501/data/www/lms.bigdok.ru/vendor/laravel/framework/src/Illuminate/Routing/Route.php(239): Illuminate\\Routing\\ControllerDispatcher->dispatch(Object(Illuminate\\Routing\\Route), Object(App\\Http\\Controllers\\Auth\\RegisterController), 'register')
#21 /var/www/u2239501/data/www/lms.bigdok.ru/vendor/laravel/framework/src/Illuminate/Routing/Route.php(196): Illuminate\\Routing\\Route->runController()
#22 /var/www/u2239501/data/www/lms.bigdok.ru/vendor/laravel/framework/src/Illuminate/Routing/Router.php(685): Illuminate\\Routing\\Route->run()
#23 /var/www/u2239501/data/www/lms.bigdok.ru/vendor/laravel/framework/src/Illuminate/Pipeline/Pipeline.php(128): Illuminate\\Routing\\Router->Illuminate\\Routing\\{closure}(Object(Illuminate\\Http\\Request))
#24 /var/www/u2239501/data/www/lms.bigdok.ru/app/Http/Middleware/RedirectIfAuthenticated.php(25): Illuminate\\Pipeline\\Pipeline->Illuminate\\Pipeline\\{closure}(Object(Illuminate\\Http\\Request))
#25 /var/www/u2239501/data/www/lms.bigdok.ru/vendor/laravel/framework/src/Illuminate/Pipeline/Pipeline.php(167): App\\Http\\Middleware\\RedirectIfAuthenticated->handle(Object(Illuminate\\Http\\Request), Object(Closure))
#26 /var/www/u2239501/data/www/lms.bigdok.ru/app/Http/Middleware/CheckMaintenance.php(37): Illuminate\\Pipeline\\Pipeline->Illuminate\\Pipeline\\{closure}(Object(Illuminate\\Http\\Request))
#27 /var/www/u2239501/data/www/lms.bigdok.ru/vendor/laravel/framework/src/Illuminate/Pipeline/Pipeline.php(167): App\\Http\\Middleware\\CheckMaintenance->handle(Object(Illuminate\\Http\\Request), Object(Closure))
#28 /var/www/u2239501/data/www/lms.bigdok.ru/app/Http/Middleware/Share.php(74): Illuminate\\Pipeline\\Pipeline->Illuminate\\Pipeline\\{closure}(Object(Illuminate\\Http\\Request))
#29 /var/www/u2239501/data/www/lms.bigdok.ru/vendor/laravel/framework/src/Illuminate/Pipeline/Pipeline.php(167): App\\Http\\Middleware\\Share->handle(Object(Illuminate\\Http\\Request), Object(Closure))
#30 /var/www/u2239501/data/www/lms.bigdok.ru/app/Http/Middleware/CheckMobileApp.php(25): Illuminate\\Pipeline\\Pipeline->Illuminate\\Pipeline\\{closure}(Object(Illuminate\\Http\\Request))
#31 /var/www/u2239501/data/www/lms.bigdok.ru/vendor/laravel/framework/src/Illuminate/Pipeline/Pipeline.php(167): App\\Http\\Middleware\\CheckMobileApp->handle(Object(Illuminate\\Http\\Request), Object(Closure))
#32 /var/www/u2239501/data/www/lms.bigdok.ru/app/Http/Middleware/DebugBar.php(22): Illuminate\\Pipeline\\Pipeline->Illuminate\\Pipeline\\{closure}(Object(Illuminate\\Http\\Request))
#33 /var/www/u2239501/data/www/lms.bigdok.ru/vendor/laravel/framework/src/Illuminate/Pipeline/Pipeline.php(167): App\\Http\\Middleware\\DebugBar->handle(Object(Illuminate\\Http\\Request), Object(Closure))
#34 /var/www/u2239501/data/www/lms.bigdok.ru/app/Http/Middleware/UserLocale.php(44): Illuminate\\Pipeline\\Pipeline->Illuminate\\Pipeline\\{closure}(Object(Illuminate\\Http\\Request))
#35 /var/www/u2239501/data/www/lms.bigdok.ru/vendor/laravel/framework/src/Illuminate/Pipeline/Pipeline.php(167): App\\Http\\Middleware\\UserLocale->handle(Object(Illuminate\\Http\\Request), Object(Closure))
#36 /var/www/u2239501/data/www/lms.bigdok.ru/vendor/laravel/framework/src/Illuminate/Routing/Middleware/SubstituteBindings.php(41): Illuminate\\Pipeline\\Pipeline->Illuminate\\Pipeline\\{closure}(Object(Illuminate\\Http\\Request))
#37 /var/www/u2239501/data/www/lms.bigdok.ru/vendor/laravel/framework/src/Illuminate/Pipeline/Pipeline.php(167): Illuminate\\Routing\\Middleware\\SubstituteBindings->handle(Object(Illuminate\\Http\\Request), Object(Closure))
#38 /var/www/u2239501/data/www/lms.bigdok.ru/vendor/laravel/framework/src/Illuminate/Foundation/Http/Middleware/VerifyCsrfToken.php(78): Illuminate\\Pipeline\\Pipeline->Illuminate\\Pipeline\\{closure}(Object(Illuminate\\Http\\Request))
#39 /var/www/u2239501/data/www/lms.bigdok.ru/vendor/laravel/framework/src/Illuminate/Pipeline/Pipeline.php(167): Illuminate\\Foundation\\Http\\Middleware\\VerifyCsrfToken->handle(Object(Illuminate\\Http\\Request), Object(Closure))
#40 /var/www/u2239501/data/www/lms.bigdok.ru/vendor/laravel/framework/src/Illuminate/View/Middleware/ShareErrorsFromSession.php(49): Illuminate\\Pipeline\\Pipeline->Illuminate\\Pipeline\\{closure}(Object(Illuminate\\Http\\Request))
#41 /var/www/u2239501/data/www/lms.bigdok.ru/vendor/laravel/framework/src/Illuminate/Pipeline/Pipeline.php(167): Illuminate\\View\\Middleware\\ShareErrorsFromSession->handle(Object(Illuminate\\Http\\Request), Object(Closure))
#42 /var/www/u2239501/data/www/lms.bigdok.ru/vendor/laravel/framework/src/Illuminate/Session/Middleware/StartSession.php(116): Illuminate\\Pipeline\\Pipeline->Illuminate\\Pipeline\\{closure}(Object(Illuminate\\Http\\Request))
#43 /var/www/u2239501/data/www/lms.bigdok.ru/vendor/laravel/framework/src/Illuminate/Session/Middleware/StartSession.php(62): Illuminate\\Session\\Middleware\\StartSession->handleStatefulRequest(Object(Illuminate\\Http\\Request), Object(Illuminate\\Session\\Store), Object(Closure))
#44 /var/www/u2239501/data/www/lms.bigdok.ru/vendor/laravel/framework/src/Illuminate/Pipeline/Pipeline.php(167): Illuminate\\Session\\Middleware\\StartSession->handle(Object(Illuminate\\Http\\Request), Object(Closure))
#45 /var/www/u2239501/data/www/lms.bigdok.ru/vendor/laravel/framework/src/Illuminate/Cookie/Middleware/AddQueuedCookiesToResponse.php(37): Illuminate\\Pipeline\\Pipeline->Illuminate\\Pipeline\\{closure}(Object(Illuminate\\Http\\Request))
#46 /var/www/u2239501/data/www/lms.bigdok.ru/vendor/laravel/framework/src/Illuminate/Pipeline/Pipeline.php(167): Illuminate\\Cookie\\Middleware\\AddQueuedCookiesToResponse->handle(Object(Illuminate\\Http\\Request), Object(Closure))
#47 /var/www/u2239501/data/www/lms.bigdok.ru/vendor/laravel/framework/src/Illuminate/Cookie/Middleware/EncryptCookies.php(67): Illuminate\\Pipeline\\Pipeline->Illuminate\\Pipeline\\{closure}(Object(Illuminate\\Http\\Request))
#48 /var/www/u2239501/data/www/lms.bigdok.ru/vendor/laravel/framework/src/Illuminate/Pipeline/Pipeline.php(167): Illuminate\\Cookie\\Middleware\\EncryptCookies->handle(Object(Illuminate\\Http\\Request), Object(Closure))
#49 /var/www/u2239501/data/www/lms.bigdok.ru/vendor/laravel/framework/src/Illuminate/Pipeline/Pipeline.php(103): Illuminate\\Pipeline\\Pipeline->Illuminate\\Pipeline\\{closure}(Object(Illuminate\\Http\\Request))
#50 /var/www/u2239501/data/www/lms.bigdok.ru/vendor/laravel/framework/src/Illuminate/Routing/Router.php(687): Illuminate\\Pipeline\\Pipeline->then(Object(Closure))
#51 /var/www/u2239501/data/www/lms.bigdok.ru/vendor/laravel/framework/src/Illuminate/Routing/Router.php(662): Illuminate\\Routing\\Router->runRouteWithinStack(Object(Illuminate\\Routing\\Route), Object(Illuminate\\Http\\Request))
#52 /var/www/u2239501/data/www/lms.bigdok.ru/vendor/laravel/framework/src/Illuminate/Routing/Router.php(628): Illuminate\\Routing\\Router->runRoute(Object(Illuminate\\Http\\Request), Object(Illuminate\\Routing\\Route))
#53 /var/www/u2239501/data/www/lms.bigdok.ru/vendor/laravel/framework/src/Illuminate/Routing/Router.php(617): Illuminate\\Routing\\Router->dispatchToRoute(Object(Illuminate\\Http\\Request))
#54 /var/www/u2239501/data/www/lms.bigdok.ru/vendor/laravel/framework/src/Illuminate/Foundation/Http/Kernel.php(165): Illuminate\\Routing\\Router->dispatch(Object(Illuminate\\Http\\Request))
#55 /var/www/u2239501/data/www/lms.bigdok.ru/vendor/laravel/framework/src/Illuminate/Pipeline/Pipeline.php(128): Illuminate\\Foundation\\Http\\Kernel->Illuminate\\Foundation\\Http\\{closure}(Object(Illuminate\\Http\\Request))
#56 /var/www/u2239501/data/www/lms.bigdok.ru/vendor/barryvdh/laravel-debugbar/src/Middleware/InjectDebugbar.php(67): Illuminate\\Pipeline\\Pipeline->Illuminate\\Pipeline\\{closure}(Object(Illuminate\\Http\\Request))
#57 /var/www/u2239501/data/www/lms.bigdok.ru/vendor/laravel/framework/src/Illuminate/Pipeline/Pipeline.php(167): Barryvdh\\Debugbar\\Middleware\\InjectDebugbar->handle(Object(Illuminate\\Http\\Request), Object(Closure))
#58 /var/www/u2239501/data/www/lms.bigdok.ru/vendor/laravel/framework/src/Illuminate/Foundation/Http/Middleware/TransformsRequest.php(21): Illuminate\\Pipeline\\Pipeline->Illuminate\\Pipeline\\{closure}(Object(Illuminate\\Http\\Request))
#59 /var/www/u2239501/data/www/lms.bigdok.ru/vendor/laravel/framework/src/Illuminate/Pipeline/Pipeline.php(167): Illuminate\\Foundation\\Http\\Middleware\\TransformsRequest->handle(Object(Illuminate\\Http\\Request), Object(Closure))
#60 /var/www/u2239501/data/www/lms.bigdok.ru/vendor/laravel/framework/src/Illuminate/Foundation/Http/Middleware/TransformsRequest.php(21): Illuminate\\Pipeline\\Pipeline->Illuminate\\Pipeline\\{closure}(Object(Illuminate\\Http\\Request))
#61 /var/www/u2239501/data/www/lms.bigdok.ru/vendor/laravel/framework/src/Illuminate/Pipeline/Pipeline.php(167): Illuminate\\Foundation\\Http\\Middleware\\TransformsRequest->handle(Object(Illuminate\\Http\\Request), Object(Closure))
#62 /var/www/u2239501/data/www/lms.bigdok.ru/vendor/laravel/framework/src/Illuminate/Foundation/Http/Middleware/ValidatePostSize.php(27): Illuminate\\Pipeline\\Pipeline->Illuminate\\Pipeline\\{closure}(Object(Illuminate\\Http\\Request))
#63 /var/www/u2239501/data/www/lms.bigdok.ru/vendor/laravel/framework/src/Illuminate/Pipeline/Pipeline.php(167): Illuminate\\Foundation\\Http\\Middleware\\ValidatePostSize->handle(Object(Illuminate\\Http\\Request), Object(Closure))
#64 /var/www/u2239501/data/www/lms.bigdok.ru/vendor/laravel/framework/src/Illuminate/Foundation/Http/Middleware/CheckForMaintenanceMode.php(63): Illuminate\\Pipeline\\Pipeline->Illuminate\\Pipeline\\{closure}(Object(Illuminate\\Http\\Request))
#65 /var/www/u2239501/data/www/lms.bigdok.ru/vendor/laravel/framework/src/Illuminate/Pipeline/Pipeline.php(167): Illuminate\\Foundation\\Http\\Middleware\\CheckForMaintenanceMode->handle(Object(Illuminate\\Http\\Request), Object(Closure))
#66 /var/www/u2239501/data/www/lms.bigdok.ru/vendor/fruitcake/laravel-cors/src/HandleCors.php(37): Illuminate\\Pipeline\\Pipeline->Illuminate\\Pipeline\\{closure}(Object(Illuminate\\Http\\Request))
#67 /var/www/u2239501/data/www/lms.bigdok.ru/vendor/laravel/framework/src/Illuminate/Pipeline/Pipeline.php(167): Fruitcake\\Cors\\HandleCors->handle(Object(Illuminate\\Http\\Request), Object(Closure))
#68 /var/www/u2239501/data/www/lms.bigdok.ru/vendor/fideloper/proxy/src/TrustProxies.php(57): Illuminate\\Pipeline\\Pipeline->Illuminate\\Pipeline\\{closure}(Object(Illuminate\\Http\\Request))
#69 /var/www/u2239501/data/www/lms.bigdok.ru/vendor/laravel/framework/src/Illuminate/Pipeline/Pipeline.php(167): Fideloper\\Proxy\\TrustProxies->handle(Object(Illuminate\\Http\\Request), Object(Closure))
#70 /var/www/u2239501/data/www/lms.bigdok.ru/vendor/laravel/framework/src/Illuminate/Pipeline/Pipeline.php(103): Illuminate\\Pipeline\\Pipeline->Illuminate\\Pipeline\\{closure}(Object(Illuminate\\Http\\Request))
#71 /var/www/u2239501/data/www/lms.bigdok.ru/vendor/laravel/framework/src/Illuminate/Foundation/Http/Kernel.php(140): Illuminate\\Pipeline\\Pipeline->then(Object(Closure))
#72 /var/www/u2239501/data/www/lms.bigdok.ru/vendor/laravel/framework/src/Illuminate/Foundation/Http/Kernel.php(109): Illuminate\\Foundation\\Http\\Kernel->sendRequestThroughRouter(Object(Illuminate\\Http\\Request))
#73 /var/www/u2239501/data/www/lms.bigdok.ru/public/index.php(55): Illuminate\\Foundation\\Http\\Kernel->handle(Object(Illuminate\\Http\\Request))
#74 {main}
"} 
[2023-09-17 09:55:37] production.ERROR: Connection could not be established with host  :stream_socket_client(): php_network_getaddresses: getaddrinfo failed: Name or service not known {"exception":"[object] (Swift_TransportException(code: 0): Connection could not be established with host  :stream_socket_client(): php_network_getaddresses: getaddrinfo failed: Name or service not known at /var/www/u2239501/data/www/lms.bigdok.ru/vendor/swiftmailer/swiftmailer/lib/classes/Swift/Transport/StreamBuffer.php:261)
[stacktrace]
#0 [internal function]: Swift_Transport_StreamBuffer->{closure}(2, 'stream_socket_c...', '/var/www/u22395...', 264, Array)
#1 /var/www/u2239501/data/www/lms.bigdok.ru/vendor/swiftmailer/swiftmailer/lib/classes/Swift/Transport/StreamBuffer.php(264): stream_socket_client(':0', 0, 'php_network_get...', 30, 4, Resource id #994)
#2 /var/www/u2239501/data/www/lms.bigdok.ru/vendor/swiftmailer/swiftmailer/lib/classes/Swift/Transport/StreamBuffer.php(58): Swift_Transport_StreamBuffer->establishSocketConnection()
#3 /var/www/u2239501/data/www/lms.bigdok.ru/vendor/swiftmailer/swiftmailer/lib/classes/Swift/Transport/AbstractSmtpTransport.php(143): Swift_Transport_StreamBuffer->initialize(Array)
#4 /var/www/u2239501/data/www/lms.bigdok.ru/vendor/swiftmailer/swiftmailer/lib/classes/Swift/Mailer.php(65): Swift_Transport_AbstractSmtpTransport->start()
#5 /var/www/u2239501/data/www/lms.bigdok.ru/vendor/laravel/framework/src/Illuminate/Mail/Mailer.php(521): Swift_Mailer->send(Object(Swift_Message), Array)
#6 /var/www/u2239501/data/www/lms.bigdok.ru/vendor/laravel/framework/src/Illuminate/Mail/Mailer.php(288): Illuminate\\Mail\\Mailer->sendSwiftMessage(Object(Swift_Message))
#7 /var/www/u2239501/data/www/lms.bigdok.ru/vendor/laravel/framework/src/Illuminate/Notifications/Channels/MailChannel.php(65): Illuminate\\Mail\\Mailer->send('web.default.ema...', Array, Object(Closure))
#8 /var/www/u2239501/data/www/lms.bigdok.ru/vendor/laravel/framework/src/Illuminate/Notifications/NotificationSender.php(148): Illuminate\\Notifications\\Channels\\MailChannel->send(Object(App\\Models\\Verification), Object(App\\Notifications\\SendVerificationEmailCode))
#9 /var/www/u2239501/data/www/lms.bigdok.ru/vendor/laravel/framework/src/Illuminate/Notifications/NotificationSender.php(106): Illuminate\\Notifications\\NotificationSender->sendToNotifiable(Object(App\\Models\\Verification), '679043db-6600-4...', Object(App\\Notifications\\SendVerificationEmailCode), 'mail')
#10 /var/www/u2239501/data/www/lms.bigdok.ru/vendor/laravel/framework/src/Illuminate/Support/Traits/Localizable.php(19): Illuminate\\Notifications\\NotificationSender->Illuminate\\Notifications\\{closure}()
#11 /var/www/u2239501/data/www/lms.bigdok.ru/vendor/laravel/framework/src/Illuminate/Notifications/NotificationSender.php(109): Illuminate\\Notifications\\NotificationSender->withLocale(NULL, Object(Closure))
#12 /var/www/u2239501/data/www/lms.bigdok.ru/vendor/laravel/framework/src/Illuminate/Notifications/NotificationSender.php(79): Illuminate\\Notifications\\NotificationSender->sendNow(Object(Illuminate\\Database\\Eloquent\\Collection), Object(App\\Notifications\\SendVerificationEmailCode))
#13 /var/www/u2239501/data/www/lms.bigdok.ru/vendor/laravel/framework/src/Illuminate/Notifications/ChannelManager.php(39): Illuminate\\Notifications\\NotificationSender->send(Object(Illuminate\\Database\\Eloquent\\Collection), Object(App\\Notifications\\SendVerificationEmailCode))
#14 /var/www/u2239501/data/www/lms.bigdok.ru/vendor/laravel/framework/src/Illuminate/Notifications/RoutesNotifications.php(18): Illuminate\\Notifications\\ChannelManager->send(Object(App\\Models\\Verification), Object(App\\Notifications\\SendVerificationEmailCode))
#15 /var/www/u2239501/data/www/lms.bigdok.ru/app/Models/Verification.php(28): App\\Models\\Verification->notify(Object(App\\Notifications\\SendVerificationEmailCode))
#16 /var/www/u2239501/data/www/lms.bigdok.ru/app/Http/Controllers/Auth/VerificationController.php(114): App\\Models\\Verification->sendEmailCode()
#17 /var/www/u2239501/data/www/lms.bigdok.ru/app/Http/Controllers/Auth/RegisterController.php(200): App\\Http\\Controllers\\Auth\\VerificationController->checkConfirmed(Object(App\\User), 'email', 'sandakov2016@gm...')
#18 /var/www/u2239501/data/www/lms.bigdok.ru/vendor/laravel/framework/src/Illuminate/Routing/Controller.php(54): App\\Http\\Controllers\\Auth\\RegisterController->register(Object(Illuminate\\Http\\Request))
#19 /var/www/u2239501/data/www/lms.bigdok.ru/vendor/laravel/framework/src/Illuminate/Routing/ControllerDispatcher.php(45): Illuminate\\Routing\\Controller->callAction('register', Array)
#20 /var/www/u2239501/data/www/lms.bigdok.ru/vendor/laravel/framework/src/Illuminate/Routing/Route.php(239): Illuminate\\Routing\\ControllerDispatcher->dispatch(Object(Illuminate\\Routing\\Route), Object(App\\Http\\Controllers\\Auth\\RegisterController), 'register')
#21 /var/www/u2239501/data/www/lms.bigdok.ru/vendor/laravel/framework/src/Illuminate/Routing/Route.php(196): Illuminate\\Routing\\Route->runController()
#22 /var/www/u2239501/data/www/lms.bigdok.ru/vendor/laravel/framework/src/Illuminate/Routing/Router.php(685): Illuminate\\Routing\\Route->run()
#23 /var/www/u2239501/data/www/lms.bigdok.ru/vendor/laravel/framework/src/Illuminate/Pipeline/Pipeline.php(128): Illuminate\\Routing\\Router->Illuminate\\Routing\\{closure}(Object(Illuminate\\Http\\Request))
#24 /var/www/u2239501/data/www/lms.bigdok.ru/app/Http/Middleware/RedirectIfAuthenticated.php(25): Illuminate\\Pipeline\\Pipeline->Illuminate\\Pipeline\\{closure}(Object(Illuminate\\Http\\Request))
#25 /var/www/u2239501/data/www/lms.bigdok.ru/vendor/laravel/framework/src/Illuminate/Pipeline/Pipeline.php(167): App\\Http\\Middleware\\RedirectIfAuthenticated->handle(Object(Illuminate\\Http\\Request), Object(Closure))
#26 /var/www/u2239501/data/www/lms.bigdok.ru/app/Http/Middleware/CheckMaintenance.php(37): Illuminate\\Pipeline\\Pipeline->Illuminate\\Pipeline\\{closure}(Object(Illuminate\\Http\\Request))
#27 /var/www/u2239501/data/www/lms.bigdok.ru/vendor/laravel/framework/src/Illuminate/Pipeline/Pipeline.php(167): App\\Http\\Middleware\\CheckMaintenance->handle(Object(Illuminate\\Http\\Request), Object(Closure))
#28 /var/www/u2239501/data/www/lms.bigdok.ru/app/Http/Middleware/Share.php(74): Illuminate\\Pipeline\\Pipeline->Illuminate\\Pipeline\\{closure}(Object(Illuminate\\Http\\Request))
#29 /var/www/u2239501/data/www/lms.bigdok.ru/vendor/laravel/framework/src/Illuminate/Pipeline/Pipeline.php(167): App\\Http\\Middleware\\Share->handle(Object(Illuminate\\Http\\Request), Object(Closure))
#30 /var/www/u2239501/data/www/lms.bigdok.ru/app/Http/Middleware/CheckMobileApp.php(25): Illuminate\\Pipeline\\Pipeline->Illuminate\\Pipeline\\{closure}(Object(Illuminate\\Http\\Request))
#31 /var/www/u2239501/data/www/lms.bigdok.ru/vendor/laravel/framework/src/Illuminate/Pipeline/Pipeline.php(167): App\\Http\\Middleware\\CheckMobileApp->handle(Object(Illuminate\\Http\\Request), Object(Closure))
#32 /var/www/u2239501/data/www/lms.bigdok.ru/app/Http/Middleware/DebugBar.php(22): Illuminate\\Pipeline\\Pipeline->Illuminate\\Pipeline\\{closure}(Object(Illuminate\\Http\\Request))
#33 /var/www/u2239501/data/www/lms.bigdok.ru/vendor/laravel/framework/src/Illuminate/Pipeline/Pipeline.php(167): App\\Http\\Middleware\\DebugBar->handle(Object(Illuminate\\Http\\Request), Object(Closure))
#34 /var/www/u2239501/data/www/lms.bigdok.ru/app/Http/Middleware/UserLocale.php(44): Illuminate\\Pipeline\\Pipeline->Illuminate\\Pipeline\\{closure}(Object(Illuminate\\Http\\Request))
#35 /var/www/u2239501/data/www/lms.bigdok.ru/vendor/laravel/framework/src/Illuminate/Pipeline/Pipeline.php(167): App\\Http\\Middleware\\UserLocale->handle(Object(Illuminate\\Http\\Request), Object(Closure))
#36 /var/www/u2239501/data/www/lms.bigdok.ru/vendor/laravel/framework/src/Illuminate/Routing/Middleware/SubstituteBindings.php(41): Illuminate\\Pipeline\\Pipeline->Illuminate\\Pipeline\\{closure}(Object(Illuminate\\Http\\Request))
#37 /var/www/u2239501/data/www/lms.bigdok.ru/vendor/laravel/framework/src/Illuminate/Pipeline/Pipeline.php(167): Illuminate\\Routing\\Middleware\\SubstituteBindings->handle(Object(Illuminate\\Http\\Request), Object(Closure))
#38 /var/www/u2239501/data/www/lms.bigdok.ru/vendor/laravel/framework/src/Illuminate/Foundation/Http/Middleware/VerifyCsrfToken.php(78): Illuminate\\Pipeline\\Pipeline->Illuminate\\Pipeline\\{closure}(Object(Illuminate\\Http\\Request))
#39 /var/www/u2239501/data/www/lms.bigdok.ru/vendor/laravel/framework/src/Illuminate/Pipeline/Pipeline.php(167): Illuminate\\Foundation\\Http\\Middleware\\VerifyCsrfToken->handle(Object(Illuminate\\Http\\Request), Object(Closure))
#40 /var/www/u2239501/data/www/lms.bigdok.ru/vendor/laravel/framework/src/Illuminate/View/Middleware/ShareErrorsFromSession.php(49): Illuminate\\Pipeline\\Pipeline->Illuminate\\Pipeline\\{closure}(Object(Illuminate\\Http\\Request))
#41 /var/www/u2239501/data/www/lms.bigdok.ru/vendor/laravel/framework/src/Illuminate/Pipeline/Pipeline.php(167): Illuminate\\View\\Middleware\\ShareErrorsFromSession->handle(Object(Illuminate\\Http\\Request), Object(Closure))
#42 /var/www/u2239501/data/www/lms.bigdok.ru/vendor/laravel/framework/src/Illuminate/Session/Middleware/StartSession.php(116): Illuminate\\Pipeline\\Pipeline->Illuminate\\Pipeline\\{closure}(Object(Illuminate\\Http\\Request))
#43 /var/www/u2239501/data/www/lms.bigdok.ru/vendor/laravel/framework/src/Illuminate/Session/Middleware/StartSession.php(62): Illuminate\\Session\\Middleware\\StartSession->handleStatefulRequest(Object(Illuminate\\Http\\Request), Object(Illuminate\\Session\\Store), Object(Closure))
#44 /var/www/u2239501/data/www/lms.bigdok.ru/vendor/laravel/framework/src/Illuminate/Pipeline/Pipeline.php(167): Illuminate\\Session\\Middleware\\StartSession->handle(Object(Illuminate\\Http\\Request), Object(Closure))
#45 /var/www/u2239501/data/www/lms.bigdok.ru/vendor/laravel/framework/src/Illuminate/Cookie/Middleware/AddQueuedCookiesToResponse.php(37): Illuminate\\Pipeline\\Pipeline->Illuminate\\Pipeline\\{closure}(Object(Illuminate\\Http\\Request))
#46 /var/www/u2239501/data/www/lms.bigdok.ru/vendor/laravel/framework/src/Illuminate/Pipeline/Pipeline.php(167): Illuminate\\Cookie\\Middleware\\AddQueuedCookiesToResponse->handle(Object(Illuminate\\Http\\Request), Object(Closure))
#47 /var/www/u2239501/data/www/lms.bigdok.ru/vendor/laravel/framework/src/Illuminate/Cookie/Middleware/EncryptCookies.php(67): Illuminate\\Pipeline\\Pipeline->Illuminate\\Pipeline\\{closure}(Object(Illuminate\\Http\\Request))
#48 /var/www/u2239501/data/www/lms.bigdok.ru/vendor/laravel/framework/src/Illuminate/Pipeline/Pipeline.php(167): Illuminate\\Cookie\\Middleware\\EncryptCookies->handle(Object(Illuminate\\Http\\Request), Object(Closure))
#49 /var/www/u2239501/data/www/lms.bigdok.ru/vendor/laravel/framework/src/Illuminate/Pipeline/Pipeline.php(103): Illuminate\\Pipeline\\Pipeline->Illuminate\\Pipeline\\{closure}(Object(Illuminate\\Http\\Request))
#50 /var/www/u2239501/data/www/lms.bigdok.ru/vendor/laravel/framework/src/Illuminate/Routing/Router.php(687): Illuminate\\Pipeline\\Pipeline->then(Object(Closure))
#51 /var/www/u2239501/data/www/lms.bigdok.ru/vendor/laravel/framework/src/Illuminate/Routing/Router.php(662): Illuminate\\Routing\\Router->runRouteWithinStack(Object(Illuminate\\Routing\\Route), Object(Illuminate\\Http\\Request))
#52 /var/www/u2239501/data/www/lms.bigdok.ru/vendor/laravel/framework/src/Illuminate/Routing/Router.php(628): Illuminate\\Routing\\Router->runRoute(Object(Illuminate\\Http\\Request), Object(Illuminate\\Routing\\Route))
#53 /var/www/u2239501/data/www/lms.bigdok.ru/vendor/laravel/framework/src/Illuminate/Routing/Router.php(617): Illuminate\\Routing\\Router->dispatchToRoute(Object(Illuminate\\Http\\Request))
#54 /var/www/u2239501/data/www/lms.bigdok.ru/vendor/laravel/framework/src/Illuminate/Foundation/Http/Kernel.php(165): Illuminate\\Routing\\Router->dispatch(Object(Illuminate\\Http\\Request))
#55 /var/www/u2239501/data/www/lms.bigdok.ru/vendor/laravel/framework/src/Illuminate/Pipeline/Pipeline.php(128): Illuminate\\Foundation\\Http\\Kernel->Illuminate\\Foundation\\Http\\{closure}(Object(Illuminate\\Http\\Request))
#56 /var/www/u2239501/data/www/lms.bigdok.ru/vendor/barryvdh/laravel-debugbar/src/Middleware/InjectDebugbar.php(67): Illuminate\\Pipeline\\Pipeline->Illuminate\\Pipeline\\{closure}(Object(Illuminate\\Http\\Request))
#57 /var/www/u2239501/data/www/lms.bigdok.ru/vendor/laravel/framework/src/Illuminate/Pipeline/Pipeline.php(167): Barryvdh\\Debugbar\\Middleware\\InjectDebugbar->handle(Object(Illuminate\\Http\\Request), Object(Closure))
#58 /var/www/u2239501/data/www/lms.bigdok.ru/vendor/laravel/framework/src/Illuminate/Foundation/Http/Middleware/TransformsRequest.php(21): Illuminate\\Pipeline\\Pipeline->Illuminate\\Pipeline\\{closure}(Object(Illuminate\\Http\\Request))
#59 /var/www/u2239501/data/www/lms.bigdok.ru/vendor/laravel/framework/src/Illuminate/Pipeline/Pipeline.php(167): Illuminate\\Foundation\\Http\\Middleware\\TransformsRequest->handle(Object(Illuminate\\Http\\Request), Object(Closure))
#60 /var/www/u2239501/data/www/lms.bigdok.ru/vendor/laravel/framework/src/Illuminate/Foundation/Http/Middleware/TransformsRequest.php(21): Illuminate\\Pipeline\\Pipeline->Illuminate\\Pipeline\\{closure}(Object(Illuminate\\Http\\Request))
#61 /var/www/u2239501/data/www/lms.bigdok.ru/vendor/laravel/framework/src/Illuminate/Pipeline/Pipeline.php(167): Illuminate\\Foundation\\Http\\Middleware\\TransformsRequest->handle(Object(Illuminate\\Http\\Request), Object(Closure))
#62 /var/www/u2239501/data/www/lms.bigdok.ru/vendor/laravel/framework/src/Illuminate/Foundation/Http/Middleware/ValidatePostSize.php(27): Illuminate\\Pipeline\\Pipeline->Illuminate\\Pipeline\\{closure}(Object(Illuminate\\Http\\Request))
#63 /var/www/u2239501/data/www/lms.bigdok.ru/vendor/laravel/framework/src/Illuminate/Pipeline/Pipeline.php(167): Illuminate\\Foundation\\Http\\Middleware\\ValidatePostSize->handle(Object(Illuminate\\Http\\Request), Object(Closure))
#64 /var/www/u2239501/data/www/lms.bigdok.ru/vendor/laravel/framework/src/Illuminate/Foundation/Http/Middleware/CheckForMaintenanceMode.php(63): Illuminate\\Pipeline\\Pipeline->Illuminate\\Pipeline\\{closure}(Object(Illuminate\\Http\\Request))
#65 /var/www/u2239501/data/www/lms.bigdok.ru/vendor/laravel/framework/src/Illuminate/Pipeline/Pipeline.php(167): Illuminate\\Foundation\\Http\\Middleware\\CheckForMaintenanceMode->handle(Object(Illuminate\\Http\\Request), Object(Closure))
#66 /var/www/u2239501/data/www/lms.bigdok.ru/vendor/fruitcake/laravel-cors/src/HandleCors.php(37): Illuminate\\Pipeline\\Pipeline->Illuminate\\Pipeline\\{closure}(Object(Illuminate\\Http\\Request))
#67 /var/www/u2239501/data/www/lms.bigdok.ru/vendor/laravel/framework/src/Illuminate/Pipeline/Pipeline.php(167): Fruitcake\\Cors\\HandleCors->handle(Object(Illuminate\\Http\\Request), Object(Closure))
#68 /var/www/u2239501/data/www/lms.bigdok.ru/vendor/fideloper/proxy/src/TrustProxies.php(57): Illuminate\\Pipeline\\Pipeline->Illuminate\\Pipeline\\{closure}(Object(Illuminate\\Http\\Request))
#69 /var/www/u2239501/data/www/lms.bigdok.ru/vendor/laravel/framework/src/Illuminate/Pipeline/Pipeline.php(167): Fideloper\\Proxy\\TrustProxies->handle(Object(Illuminate\\Http\\Request), Object(Closure))
#70 /var/www/u2239501/data/www/lms.bigdok.ru/vendor/laravel/framework/src/Illuminate/Pipeline/Pipeline.php(103): Illuminate\\Pipeline\\Pipeline->Illuminate\\Pipeline\\{closure}(Object(Illuminate\\Http\\Request))
#71 /var/www/u2239501/data/www/lms.bigdok.ru/vendor/laravel/framework/src/Illuminate/Foundation/Http/Kernel.php(140): Illuminate\\Pipeline\\Pipeline->then(Object(Closure))
#72 /var/www/u2239501/data/www/lms.bigdok.ru/vendor/laravel/framework/src/Illuminate/Foundation/Http/Kernel.php(109): Illuminate\\Foundation\\Http\\Kernel->sendRequestThroughRouter(Object(Illuminate\\Http\\Request))
#73 /var/www/u2239501/data/www/lms.bigdok.ru/public/index.php(55): Illuminate\\Foundation\\Http\\Kernel->handle(Object(Illuminate\\Http\\Request))
#74 {main}
"} 
[2023-09-18 17:12:53] laravel.EMERGENCY: Unable to create configured logger. Using emergency logger. {"exception":"[object] (InvalidArgumentException(code: 0): Log [] is not defined. at /var/www/u2239501/data/www/lms.bigdok.ru/vendor/laravel/framework/src/Illuminate/Log/LogManager.php:192)
[stacktrace]
#0 /var/www/u2239501/data/www/lms.bigdok.ru/vendor/laravel/framework/src/Illuminate/Log/LogManager.php(118): Illuminate\\Log\\LogManager->resolve(NULL)
#1 /var/www/u2239501/data/www/lms.bigdok.ru/vendor/laravel/framework/src/Illuminate/Log/LogManager.php(98): Illuminate\\Log\\LogManager->get(NULL)
#2 /var/www/u2239501/data/www/lms.bigdok.ru/vendor/laravel/framework/src/Illuminate/Log/LogManager.php(543): Illuminate\\Log\\LogManager->driver()
#3 /var/www/u2239501/data/www/lms.bigdok.ru/vendor/laravel/framework/src/Illuminate/Foundation/Exceptions/Handler.php(123): Illuminate\\Log\\LogManager->error('syntax error, u...', Array)
#4 /var/www/u2239501/data/www/lms.bigdok.ru/app/Exceptions/Handler.php(45): Illuminate\\Foundation\\Exceptions\\Handler->report(Object(ParseError))
#5 /var/www/u2239501/data/www/lms.bigdok.ru/vendor/laravel/framework/src/Illuminate/Foundation/Console/Kernel.php(366): App\\Exceptions\\Handler->report(Object(ParseError))
#6 /var/www/u2239501/data/www/lms.bigdok.ru/vendor/laravel/framework/src/Illuminate/Foundation/Console/Kernel.php(131): Illuminate\\Foundation\\Console\\Kernel->reportException(Object(ParseError))
#7 /var/www/u2239501/data/www/lms.bigdok.ru/artisan(38): Illuminate\\Foundation\\Console\\Kernel->handle(Object(Symfony\\Component\\Console\\Input\\ArgvInput), Object(Symfony\\Component\\Console\\Output\\ConsoleOutput))
#8 {main}
"} 
[2023-09-18 17:12:53] laravel.ERROR: syntax error, unexpected ':', expecting ']' {"exception":"[object] (ParseError(code: 0): syntax error, unexpected ':', expecting ']' at /var/www/u2239501/data/www/lms.bigdok.ru/config/app.php:189)
[stacktrace]
#0 /var/www/u2239501/data/www/lms.bigdok.ru/vendor/laravel/framework/src/Illuminate/Foundation/Bootstrap/LoadConfiguration.php(39): Illuminate\\Foundation\\Bootstrap\\LoadConfiguration->loadConfigurationFiles(Object(Illuminate\\Foundation\\Application), Object(Illuminate\\Config\\Repository))
#1 /var/www/u2239501/data/www/lms.bigdok.ru/vendor/laravel/framework/src/Illuminate/Foundation/Application.php(230): Illuminate\\Foundation\\Bootstrap\\LoadConfiguration->bootstrap(Object(Illuminate\\Foundation\\Application))
#2 /var/www/u2239501/data/www/lms.bigdok.ru/vendor/laravel/framework/src/Illuminate/Foundation/Console/Kernel.php(310): Illuminate\\Foundation\\Application->bootstrapWith(Array)
#3 /var/www/u2239501/data/www/lms.bigdok.ru/vendor/laravel/framework/src/Illuminate/Foundation/Console/Kernel.php(127): Illuminate\\Foundation\\Console\\Kernel->bootstrap()
#4 /var/www/u2239501/data/www/lms.bigdok.ru/artisan(38): Illuminate\\Foundation\\Console\\Kernel->handle(Object(Symfony\\Component\\Console\\Input\\ArgvInput), Object(Symfony\\Component\\Console\\Output\\ConsoleOutput))
#5 {main}
"} 
[2023-09-18 17:14:07] production.ERROR: fopen(/en.csv): failed to open stream: Permission denied {"exception":"[object] (ErrorException(code: 0): fopen(/en.csv): failed to open stream: Permission denied at /var/www/u2239501/data/www/lms.bigdok.ru/vendor/ufirst/lang-import-export/src/UFirst/LangImportExport/Console/ExportToCsvCommand.php:99)
[stacktrace]
#0 [internal function]: Illuminate\\Foundation\\Bootstrap\\HandleExceptions->handleError(2, 'fopen(/en.csv):...', '/var/www/u22395...', 99, Array)
#1 /var/www/u2239501/data/www/lms.bigdok.ru/vendor/ufirst/lang-import-export/src/UFirst/LangImportExport/Console/ExportToCsvCommand.php(99): fopen('/en.csv', 'w')
#2 /var/www/u2239501/data/www/lms.bigdok.ru/vendor/laravel/framework/src/Illuminate/Container/BoundMethod.php(36): UFirst\\LangImportExport\\Console\\ExportToCsvCommand->handle()
#3 /var/www/u2239501/data/www/lms.bigdok.ru/vendor/laravel/framework/src/Illuminate/Container/Util.php(37): Illuminate\\Container\\BoundMethod::Illuminate\\Container\\{closure}()
#4 /var/www/u2239501/data/www/lms.bigdok.ru/vendor/laravel/framework/src/Illuminate/Container/BoundMethod.php(93): Illuminate\\Container\\Util::unwrapIfClosure(Object(Closure))
#5 /var/www/u2239501/data/www/lms.bigdok.ru/vendor/laravel/framework/src/Illuminate/Container/BoundMethod.php(37): Illuminate\\Container\\BoundMethod::callBoundMethod(Object(Illuminate\\Foundation\\Application), Array, Object(Closure))
#6 /var/www/u2239501/data/www/lms.bigdok.ru/vendor/laravel/framework/src/Illuminate/Container/Container.php(596): Illuminate\\Container\\BoundMethod::call(Object(Illuminate\\Foundation\\Application), Array, Array, NULL)
#7 /var/www/u2239501/data/www/lms.bigdok.ru/vendor/laravel/framework/src/Illuminate/Console/Command.php(134): Illuminate\\Container\\Container->call(Array)
#8 /var/www/u2239501/data/www/lms.bigdok.ru/vendor/symfony/console/Command/Command.php(298): Illuminate\\Console\\Command->execute(Object(Symfony\\Component\\Console\\Input\\ArgvInput), Object(Illuminate\\Console\\OutputStyle))
#9 /var/www/u2239501/data/www/lms.bigdok.ru/vendor/laravel/framework/src/Illuminate/Console/Command.php(121): Symfony\\Component\\Console\\Command\\Command->run(Object(Symfony\\Component\\Console\\Input\\ArgvInput), Object(Illuminate\\Console\\OutputStyle))
#10 /var/www/u2239501/data/www/lms.bigdok.ru/vendor/symfony/console/Application.php(1015): Illuminate\\Console\\Command->run(Object(Symfony\\Component\\Console\\Input\\ArgvInput), Object(Symfony\\Component\\Console\\Output\\ConsoleOutput))
#11 /var/www/u2239501/data/www/lms.bigdok.ru/vendor/symfony/console/Application.php(299): Symfony\\Component\\Console\\Application->doRunCommand(Object(UFirst\\LangImportExport\\Console\\ExportToCsvCommand), Object(Symfony\\Component\\Console\\Input\\ArgvInput), Object(Symfony\\Component\\Console\\Output\\ConsoleOutput))
#12 /var/www/u2239501/data/www/lms.bigdok.ru/vendor/symfony/console/Application.php(171): Symfony\\Component\\Console\\Application->doRun(Object(Symfony\\Component\\Console\\Input\\ArgvInput), Object(Symfony\\Component\\Console\\Output\\ConsoleOutput))
#13 /var/www/u2239501/data/www/lms.bigdok.ru/vendor/laravel/framework/src/Illuminate/Console/Application.php(93): Symfony\\Component\\Console\\Application->run(Object(Symfony\\Component\\Console\\Input\\ArgvInput), Object(Symfony\\Component\\Console\\Output\\ConsoleOutput))
#14 /var/www/u2239501/data/www/lms.bigdok.ru/vendor/laravel/framework/src/Illuminate/Foundation/Console/Kernel.php(129): Illuminate\\Console\\Application->run(Object(Symfony\\Component\\Console\\Input\\ArgvInput), Object(Symfony\\Component\\Console\\Output\\ConsoleOutput))
#15 /var/www/u2239501/data/www/lms.bigdok.ru/artisan(38): Illuminate\\Foundation\\Console\\Kernel->handle(Object(Symfony\\Component\\Console\\Input\\ArgvInput), Object(Symfony\\Component\\Console\\Output\\ConsoleOutput))
#16 {main}
"} 
[2023-09-18 17:18:35] production.ERROR: fopen(/storage/app/en.csv): failed to open stream: No such file or directory {"exception":"[object] (ErrorException(code: 0): fopen(/storage/app/en.csv): failed to open stream: No such file or directory at /var/www/u2239501/data/www/lms.bigdok.ru/vendor/ufirst/lang-import-export/src/UFirst/LangImportExport/Console/ExportToCsvCommand.php:99)
[stacktrace]
#0 [internal function]: Illuminate\\Foundation\\Bootstrap\\HandleExceptions->handleError(2, 'fopen(/storage/...', '/var/www/u22395...', 99, Array)
#1 /var/www/u2239501/data/www/lms.bigdok.ru/vendor/ufirst/lang-import-export/src/UFirst/LangImportExport/Console/ExportToCsvCommand.php(99): fopen('/storage/app/en...', 'w')
#2 /var/www/u2239501/data/www/lms.bigdok.ru/vendor/laravel/framework/src/Illuminate/Container/BoundMethod.php(36): UFirst\\LangImportExport\\Console\\ExportToCsvCommand->handle()
#3 /var/www/u2239501/data/www/lms.bigdok.ru/vendor/laravel/framework/src/Illuminate/Container/Util.php(37): Illuminate\\Container\\BoundMethod::Illuminate\\Container\\{closure}()
#4 /var/www/u2239501/data/www/lms.bigdok.ru/vendor/laravel/framework/src/Illuminate/Container/BoundMethod.php(93): Illuminate\\Container\\Util::unwrapIfClosure(Object(Closure))
#5 /var/www/u2239501/data/www/lms.bigdok.ru/vendor/laravel/framework/src/Illuminate/Container/BoundMethod.php(37): Illuminate\\Container\\BoundMethod::callBoundMethod(Object(Illuminate\\Foundation\\Application), Array, Object(Closure))
#6 /var/www/u2239501/data/www/lms.bigdok.ru/vendor/laravel/framework/src/Illuminate/Container/Container.php(596): Illuminate\\Container\\BoundMethod::call(Object(Illuminate\\Foundation\\Application), Array, Array, NULL)
#7 /var/www/u2239501/data/www/lms.bigdok.ru/vendor/laravel/framework/src/Illuminate/Console/Command.php(134): Illuminate\\Container\\Container->call(Array)
#8 /var/www/u2239501/data/www/lms.bigdok.ru/vendor/symfony/console/Command/Command.php(298): Illuminate\\Console\\Command->execute(Object(Symfony\\Component\\Console\\Input\\ArgvInput), Object(Illuminate\\Console\\OutputStyle))
#9 /var/www/u2239501/data/www/lms.bigdok.ru/vendor/laravel/framework/src/Illuminate/Console/Command.php(121): Symfony\\Component\\Console\\Command\\Command->run(Object(Symfony\\Component\\Console\\Input\\ArgvInput), Object(Illuminate\\Console\\OutputStyle))
#10 /var/www/u2239501/data/www/lms.bigdok.ru/vendor/symfony/console/Application.php(1015): Illuminate\\Console\\Command->run(Object(Symfony\\Component\\Console\\Input\\ArgvInput), Object(Symfony\\Component\\Console\\Output\\ConsoleOutput))
#11 /var/www/u2239501/data/www/lms.bigdok.ru/vendor/symfony/console/Application.php(299): Symfony\\Component\\Console\\Application->doRunCommand(Object(UFirst\\LangImportExport\\Console\\ExportToCsvCommand), Object(Symfony\\Component\\Console\\Input\\ArgvInput), Object(Symfony\\Component\\Console\\Output\\ConsoleOutput))
#12 /var/www/u2239501/data/www/lms.bigdok.ru/vendor/symfony/console/Application.php(171): Symfony\\Component\\Console\\Application->doRun(Object(Symfony\\Component\\Console\\Input\\ArgvInput), Object(Symfony\\Component\\Console\\Output\\ConsoleOutput))
#13 /var/www/u2239501/data/www/lms.bigdok.ru/vendor/laravel/framework/src/Illuminate/Console/Application.php(93): Symfony\\Component\\Console\\Application->run(Object(Symfony\\Component\\Console\\Input\\ArgvInput), Object(Symfony\\Component\\Console\\Output\\ConsoleOutput))
#14 /var/www/u2239501/data/www/lms.bigdok.ru/vendor/laravel/framework/src/Illuminate/Foundation/Console/Kernel.php(129): Illuminate\\Console\\Application->run(Object(Symfony\\Component\\Console\\Input\\ArgvInput), Object(Symfony\\Component\\Console\\Output\\ConsoleOutput))
#15 /var/www/u2239501/data/www/lms.bigdok.ru/artisan(38): Illuminate\\Foundation\\Console\\Kernel->handle(Object(Symfony\\Component\\Console\\Input\\ArgvInput), Object(Symfony\\Component\\Console\\Output\\ConsoleOutput))
#16 {main}
"} 
[2023-09-18 17:20:16] production.ERROR: fopen(/www/lms.bigdok.ru/storage/app/en.csv): failed to open stream: No such file or directory {"exception":"[object] (ErrorException(code: 0): fopen(/www/lms.bigdok.ru/storage/app/en.csv): failed to open stream: No such file or directory at /var/www/u2239501/data/www/lms.bigdok.ru/vendor/ufirst/lang-import-export/src/UFirst/LangImportExport/Console/ExportToCsvCommand.php:99)
[stacktrace]
#0 [internal function]: Illuminate\\Foundation\\Bootstrap\\HandleExceptions->handleError(2, 'fopen(/www/lms....', '/var/www/u22395...', 99, Array)
#1 /var/www/u2239501/data/www/lms.bigdok.ru/vendor/ufirst/lang-import-export/src/UFirst/LangImportExport/Console/ExportToCsvCommand.php(99): fopen('/www/lms.bigdok...', 'w')
#2 /var/www/u2239501/data/www/lms.bigdok.ru/vendor/laravel/framework/src/Illuminate/Container/BoundMethod.php(36): UFirst\\LangImportExport\\Console\\ExportToCsvCommand->handle()
#3 /var/www/u2239501/data/www/lms.bigdok.ru/vendor/laravel/framework/src/Illuminate/Container/Util.php(37): Illuminate\\Container\\BoundMethod::Illuminate\\Container\\{closure}()
#4 /var/www/u2239501/data/www/lms.bigdok.ru/vendor/laravel/framework/src/Illuminate/Container/BoundMethod.php(93): Illuminate\\Container\\Util::unwrapIfClosure(Object(Closure))
#5 /var/www/u2239501/data/www/lms.bigdok.ru/vendor/laravel/framework/src/Illuminate/Container/BoundMethod.php(37): Illuminate\\Container\\BoundMethod::callBoundMethod(Object(Illuminate\\Foundation\\Application), Array, Object(Closure))
#6 /var/www/u2239501/data/www/lms.bigdok.ru/vendor/laravel/framework/src/Illuminate/Container/Container.php(596): Illuminate\\Container\\BoundMethod::call(Object(Illuminate\\Foundation\\Application), Array, Array, NULL)
#7 /var/www/u2239501/data/www/lms.bigdok.ru/vendor/laravel/framework/src/Illuminate/Console/Command.php(134): Illuminate\\Container\\Container->call(Array)
#8 /var/www/u2239501/data/www/lms.bigdok.ru/vendor/symfony/console/Command/Command.php(298): Illuminate\\Console\\Command->execute(Object(Symfony\\Component\\Console\\Input\\ArgvInput), Object(Illuminate\\Console\\OutputStyle))
#9 /var/www/u2239501/data/www/lms.bigdok.ru/vendor/laravel/framework/src/Illuminate/Console/Command.php(121): Symfony\\Component\\Console\\Command\\Command->run(Object(Symfony\\Component\\Console\\Input\\ArgvInput), Object(Illuminate\\Console\\OutputStyle))
#10 /var/www/u2239501/data/www/lms.bigdok.ru/vendor/symfony/console/Application.php(1015): Illuminate\\Console\\Command->run(Object(Symfony\\Component\\Console\\Input\\ArgvInput), Object(Symfony\\Component\\Console\\Output\\ConsoleOutput))
#11 /var/www/u2239501/data/www/lms.bigdok.ru/vendor/symfony/console/Application.php(299): Symfony\\Component\\Console\\Application->doRunCommand(Object(UFirst\\LangImportExport\\Console\\ExportToCsvCommand), Object(Symfony\\Component\\Console\\Input\\ArgvInput), Object(Symfony\\Component\\Console\\Output\\ConsoleOutput))
#12 /var/www/u2239501/data/www/lms.bigdok.ru/vendor/symfony/console/Application.php(171): Symfony\\Component\\Console\\Application->doRun(Object(Symfony\\Component\\Console\\Input\\ArgvInput), Object(Symfony\\Component\\Console\\Output\\ConsoleOutput))
#13 /var/www/u2239501/data/www/lms.bigdok.ru/vendor/laravel/framework/src/Illuminate/Console/Application.php(93): Symfony\\Component\\Console\\Application->run(Object(Symfony\\Component\\Console\\Input\\ArgvInput), Object(Symfony\\Component\\Console\\Output\\ConsoleOutput))
#14 /var/www/u2239501/data/www/lms.bigdok.ru/vendor/laravel/framework/src/Illuminate/Foundation/Console/Kernel.php(129): Illuminate\\Console\\Application->run(Object(Symfony\\Component\\Console\\Input\\ArgvInput), Object(Symfony\\Component\\Console\\Output\\ConsoleOutput))
#15 /var/www/u2239501/data/www/lms.bigdok.ru/artisan(38): Illuminate\\Foundation\\Console\\Kernel->handle(Object(Symfony\\Component\\Console\\Input\\ArgvInput), Object(Symfony\\Component\\Console\\Output\\ConsoleOutput))
#16 {main}
"} 
